<?xml version="1.0" encoding="UTF-8"?>
<!-- Generated by org.testng.reporters.JUnitXMLReporter -->
<testsuite ignored="0" hostname="DESKTOP-1TK4TSS" failures="1" tests="1" name="firefox_Browser" time="0.112" errors="0" timestamp="2022-08-08T13:15:06 IST">
  <testcase classname="com.CRM.VTiger.CompaignandVendor.CreateVendorandVerifyinVTigerTest" name="createVendorandVerify" time="0.022">
    <failure type="java.lang.NullPointerException" message="Cannot invoke &amp;quot;String.equalsIgnoreCase(String)&amp;quot; because &amp;quot;BROWSER&amp;quot; is null">
      <![CDATA[java.lang.NullPointerException: Cannot invoke "String.equalsIgnoreCase(String)" because "BROWSER" is null
at com.CRM.VTiger.CompaignandVendor.CreateVendorandVerifyinVTigerTest.createVendorandVerify(CreateVendorandVerifyinVTigerTest.java:45)
at java.base/java.util.ArrayList.forEach(ArrayList.java:1511)
at java.base/java.util.concurrent.FutureTask.run(FutureTask.java:264)
at java.base/java.util.concurrent.ThreadPoolExecutor.runWorker(ThreadPoolExecutor.java:1130)
at java.base/java.util.concurrent.ThreadPoolExecutor$Worker.run(ThreadPoolExecutor.java:630)
at java.base/java.lang.Thread.run(Thread.java:831)
... Removed 18 stack frames]]>
    </failure>
  </testcase> <!-- createVendorandVerify -->
</testsuite> <!-- firefox_Browser -->
