<?xml version="1.0" encoding="UTF-8"?>
<!-- Generated by org.testng.reporters.JUnitXMLReporter -->
<testsuite ignored="0" hostname="DESKTOP-1TK4TSS" failures="0" tests="2" name="Test" time="106.046" errors="0" timestamp="2022-08-11T23:52:52 IST">
  <testcase classname="com.CRM.VTiger.Organization.CreateOrganizationandVerifyTest" name="createOrganizationandVerifyTest" time="90.791"/>
  <testcase classname="com.CRM.VTiger.Organization.CreateOrgandSelectContactandVerifyTest" name="createOrganizationandVerify" time="105.979"/>
</testsuite> <!-- Test -->
