<?xml version="1.0" encoding="UTF-8"?>
<!-- Generated by org.testng.reporters.JUnitXMLReporter -->
<testsuite ignored="0" hostname="DESKTOP-1TK4TSS" failures="0" tests="2" name="Test1" time="98.591" errors="0" timestamp="2022-08-12T15:10:17 IST">
  <testcase classname="com.CRM.VTiger.Organization.CreateOrganizationandVerifyTest" name="createOrganizationandVerifyTest" time="85.141"/>
  <testcase classname="com.CRM.VTiger.Organization.CreateOrgandSelectContactandVerifyTest" name="createOrganizationandVerify" time="98.055"/>
</testsuite> <!-- Test1 -->
