<?xml version="1.0" encoding="UTF-8"?>
<!-- Generated by org.testng.reporters.JUnitXMLReporter -->
<testsuite ignored="0" hostname="DESKTOP-1TK4TSS" failures="0" tests="4" name="testRunner1" time="119.553" errors="0" timestamp="2022-08-08T12:43:32 IST">
  <testcase classname="com.CRM.VTiger.CompaignandVendor.CreateVendorandVerifyinVTigerTest" name="createVendorandVerify" time="36.252"/>
  <testcase classname="com.CRM.VTiger.CompaignandVendor.CreatetheCompaignandVerifyTest" name="createCompaignandVerify" time="23.551"/>
  <testcase classname="com.CRM.VTiger.Organization.CreateOrgandSelectContactandVerifyTest" name="createOrganizationandVerify" time="36.566"/>
  <testcase classname="com.CRM.VTiger.Organization.CreateOrganizationandVerifyTest" name="createOrganizationandVerifyTest" time="23.097"/>
</testsuite> <!-- testRunner1 -->
